seq. steps: 200
0:0:0
seq. steps: 200
0:0:0
seq. steps: 200
0:0:0
seq. steps: 200
0:0:0
seq. steps: 200
0:0:0
seq. steps: 200
0:0:0
seq. steps: 200
0:0:0
seq. steps: 200
0:0:0
8 nodes
8 nodes
8 nodes
8 nodes
8 nodes
8 nodes
8 nodes
8 nodes
vertex count=70
Best solution:
(0, 69)
(68, 69)
(0, 2)
(0, 3)
(2, 5)
(2, 7)
(3, 10)
(3, 12)
(5, 8)
(67, 69)
(66, 68)
(65, 68)
(63, 67)
(61, 67)
(60, 66)
(58, 66)
(64, 65)
(57, 65)
(62, 64)
(56, 64)
(55, 63)
(53, 63)
(59, 62)
(48, 62)
(54, 61)
(52, 61)
(51, 60)
(50, 60)
(47, 59)
(44, 59)
(49, 58)
(46, 58)
(43, 57)
(42, 57)
(45, 56)
(38, 56)
(41, 55)
(40, 55)
(39, 54)
(36, 54)
(37, 53)
(35, 53)
(33, 52)
(32, 52)
(34, 51)
(31, 51)
(30, 50)
(29, 50)
(27, 49)
(25, 49)
(23, 48)
(20, 48)
(28, 47)
(19, 47)
(21, 46)
(17, 46)
(13, 45)
(1, 45)
(26, 44)
(24, 44)
(16, 43)
(14, 43)
(11, 42)
(9, 42)
(18, 41)
(4, 41)
(22, 40)
(15, 40)
(6, 39)
Spanning tree degree: 3 (3)
TIME: 0:19:8 input file ./graphs/n70_k35.txt
