vertex count=20
Best solution:
(0, 19)
(18, 19)
(17, 18)
(16, 17)
(15, 16)
(14, 15)
(13, 14)
(11, 13)
(10, 11)
(9, 10)
(9, 12)
(8, 12)
(7, 8)
(6, 7)
(5, 6)
(3, 5)
(3, 4)
(2, 4)
(0, 1)
Spanning tree degree: 2
TIME: 0:0:0 input file ./graphs/n20_k15.txt
vertex count=20
Best solution:
(0, 19)
(18, 19)
(17, 18)
(16, 17)
(15, 16)
(14, 15)
(13, 14)
(11, 13)
(10, 11)
(9, 10)
(9, 12)
(8, 12)
(7, 8)
(6, 7)
(5, 6)
(3, 5)
(3, 4)
(2, 4)
(0, 1)
Spanning tree degree: 2
TIME: 0:0:1 input file ./graphs/n20_k15.txt
