seq. steps: 100
0:0:0
seq. steps: 100
0:0:0
seq. steps: 100
0:0:0
seq. steps: 100
0:0:0
seq. steps: 100
0:0:0
seq. steps: 100
0:0:0
seq. steps: 100
0:0:0
seq. steps: 100
0:0:0
seq. steps: 100
0:0:0
seq. steps: 100
0:0:0
seq. steps: 100
0:0:0
seq. steps: 100
0:0:0
seq. steps: 100
0:0:0
seq. steps: 100
0:0:0
seq. steps: 100
seq. steps: 100
0:0:0
0:0:0
seq. steps: 100
0:0:0
seq. steps: 100
0:0:0
seq. steps: 100
0:0:0
seq. steps: 100
0:0:0
seq. steps: 100
0:0:0
seq. steps: 100
0:0:0
seq. steps: 100
0:0:0
seq. steps: 100
0:0:0
24 nodes
24 nodes
24 nodes
24 nodes
24 nodes
24 nodes
24 nodes
24 nodes
24 nodes
24 nodes
24 nodes
24 nodes
24 nodes
24 nodes
24 nodes
24 nodes
24 nodes
24 nodes
24 nodes
24 nodes
24 nodes
24 nodes
24 nodes
24 nodes
vertex count=70
Best solution:
(0, 69)
(68, 69)
(0, 2)
(0, 3)
(2, 5)
(2, 7)
(3, 10)
(3, 12)
(5, 8)
(5, 11)
(4, 7)
(4, 9)
(4, 13)
(7, 14)
(8, 17)
(8, 21)
(9, 15)
(9, 19)
(10, 16)
(10, 24)
(11, 22)
(11, 23)
(6, 12)
(6, 18)
(6, 27)
(67, 69)
(66, 68)
(65, 68)
(63, 67)
(61, 67)
(60, 66)
(58, 66)
(64, 65)
(57, 65)
(62, 64)
(56, 64)
(55, 63)
(53, 63)
(59, 62)
(48, 62)
(54, 61)
(52, 61)
(51, 60)
(50, 60)
(47, 59)
(44, 59)
(49, 58)
(46, 58)
(43, 57)
(42, 57)
(45, 56)
(38, 56)
(41, 55)
(40, 55)
(39, 54)
(36, 54)
(37, 53)
(35, 53)
(33, 52)
(32, 52)
(34, 51)
(31, 51)
(30, 50)
(29, 50)
(25, 49)
(20, 49)
(28, 47)
(1, 47)
(26, 44)
Spanning tree degree: 3 (3)
TIME: 0:19:5 input file ./graphs/n70_k35.txt
